Using pre-set license

 COMMAND LINE ARGUMENTS:
/Users/nickyshih/Desktop/Unity 1 & 2 Things/2021.1.5f1/Unity.app/Contents/MacOS/Unity
-adb2
-batchMode
-noUpm
-name
AssetImportWorker0
-projectPath
/Users/nickyshih/Documents/ProjectsFolder/Jail Escape
-logFile
Logs/AssetImportWorker0.log
-srvPort
56008
Successfully changed project path to: /Users/nickyshih/Documents/ProjectsFolder/Jail Escape
/Users/nickyshih/Documents/ProjectsFolder/Jail Escape
Using Asset Import Pipeline V2.
Refreshing native plugins compatible for Editor in 71.86 ms, found 1 plugins.
Preloading 0 native plugins for Editor in 0.00 ms.
Initialize engine version: 2021.1.5f1 (3737af19df53)
[Subsystems] Discovering subsystems at path /Users/nickyshih/Desktop/Unity 1 & 2 Things/2021.1.5f1/Unity.app/Contents/Resources/UnitySubsystems
[Subsystems] Discovering subsystems at path /Users/nickyshih/Documents/ProjectsFolder/Jail Escape/Assets
GfxDevice: creating device client; threaded=0; jobified=0
2021-05-22 19:39:29.345 Unity[4781:390860] Color LCD preferred device: AMD Radeon Pro 560X (high power)
2021-05-22 19:39:29.345 Unity[4781:390860] Metal devices available: 2
2021-05-22 19:39:29.345 Unity[4781:390860] 0: AMD Radeon Pro 560X (high power)
2021-05-22 19:39:29.345 Unity[4781:390860] 1: Intel(R) UHD Graphics 630 (low power)
2021-05-22 19:39:29.345 Unity[4781:390860] Using device AMD Radeon Pro 560X (high power)
Initializing Metal device caps: AMD Radeon Pro 560X
Initialize mono
Mono path[0] = '/Users/nickyshih/Desktop/Unity 1 & 2 Things/2021.1.5f1/Unity.app/Contents/Managed'
Mono path[1] = '/Users/nickyshih/Desktop/Unity 1 & 2 Things/2021.1.5f1/Unity.app/Contents/MonoBleedingEdge/lib/mono/unityjit'
Mono config path = '/Users/nickyshih/Desktop/Unity 1 & 2 Things/2021.1.5f1/Unity.app/Contents/MonoBleedingEdge/etc'
Using monoOptions --debugger-agent=transport=dt_socket,embedding=1,server=y,suspend=n,address=127.0.0.1:56781
Begin MonoManager ReloadAssembly
Registering precompiled unity dll's ...
Register platform support module: /Users/nickyshih/Desktop/Unity 1 & 2 Things/2021.1.5f1/Unity.app/Contents/PlaybackEngines/MacStandaloneSupport/UnityEditor.OSXStandalone.Extensions.dll
Registered in 0.000810 seconds.
Native extension for OSXStandalone target not found
Refreshing native plugins compatible for Editor in 70.15 ms, found 1 plugins.
Preloading 0 native plugins for Editor in 0.00 ms.
Mono: successfully reloaded assembly
- Completed reload, in  2.137 seconds
Platform modules already initialized, skipping
Registering precompiled user dll's ...
Registered in 0.002147 seconds.
Begin MonoManager ReloadAssembly
Native extension for OSXStandalone target not found
Refreshing native plugins compatible for Editor in 0.44 ms, found 1 plugins.
Preloading 0 native plugins for Editor in 0.00 ms.
Mono: successfully reloaded assembly
- Completed reload, in  1.090 seconds
Platform modules already initialized, skipping
========================================================================
Worker process is ready to serve import requests
Launching external process: /Users/nickyshih/Desktop/Unity 1 & 2 Things/2021.1.5f1/Unity.app/Contents/Tools/UnityShaderCompiler
Launched and connected shader compiler UnityShaderCompiler after 0.02 seconds
Refreshing native plugins compatible for Editor in 0.44 ms, found 1 plugins.
Preloading 0 native plugins for Editor in 0.00 ms.
Unloading 2668 Unused Serialized files (Serialized files now loaded: 0)
System memory in use before: 169.9 MB.
System memory in use after: 170.1 MB.

Unloading 16 unused Assets to reduce memory usage. Loaded Objects now: 3125.
Total: 1.741915 ms (FindLiveObjects: 0.191473 ms CreateObjectMapping: 0.110171 ms MarkObjects: 1.377434 ms  DeleteObjects: 0.062034 ms)

========================================================================
Received Prepare
Registering precompiled user dll's ...
Registered in 0.001771 seconds.
Begin MonoManager ReloadAssembly
Native extension for OSXStandalone target not found
Refreshing native plugins compatible for Editor in 0.42 ms, found 1 plugins.
Preloading 0 native plugins for Editor in 0.00 ms.
Mono: successfully reloaded assembly
- Completed reload, in  0.970 seconds
Platform modules already initialized, skipping
Refreshing native plugins compatible for Editor in 0.47 ms, found 1 plugins.
Preloading 0 native plugins for Editor in 0.00 ms.
Unloading 2662 Unused Serialized files (Serialized files now loaded: 0)
System memory in use before: 170.0 MB.
System memory in use after: 170.2 MB.

Unloading 10 unused Assets to reduce memory usage. Loaded Objects now: 3128.
Total: 1.854027 ms (FindLiveObjects: 0.191754 ms CreateObjectMapping: 0.110547 ms MarkObjects: 1.509960 ms  DeleteObjects: 0.040721 ms)

========================================================================
Received Prepare
Registering precompiled user dll's ...
Registered in 0.002220 seconds.
Begin MonoManager ReloadAssembly
Native extension for OSXStandalone target not found
Refreshing native plugins compatible for Editor in 0.42 ms, found 1 plugins.
Preloading 0 native plugins for Editor in 0.00 ms.
Mono: successfully reloaded assembly
- Completed reload, in  1.026 seconds
Platform modules already initialized, skipping
Refreshing native plugins compatible for Editor in 0.46 ms, found 1 plugins.
Preloading 0 native plugins for Editor in 0.00 ms.
Unloading 2662 Unused Serialized files (Serialized files now loaded: 0)
System memory in use before: 171.1 MB.
System memory in use after: 171.3 MB.

Unloading 10 unused Assets to reduce memory usage. Loaded Objects now: 3131.
Total: 2.043412 ms (FindLiveObjects: 0.242071 ms CreateObjectMapping: 0.104968 ms MarkObjects: 1.638165 ms  DeleteObjects: 0.057524 ms)

